{"level":"info","message":"Database connection has been established successfully12.","timestamp":"2025-02-28T18:10:53.708Z"}
{"level":"info","message":"Server is running on1 port 3000","timestamp":"2025-02-28T20:48:24.957Z"}
{"level":"info","message":"Database connection has been established successfully12.","timestamp":"2025-02-28T20:48:25.021Z"}
{"level":"info","message":"Database synchronized","timestamp":"2025-02-28T20:48:25.022Z"}
{"level":"info","message":"Server is running on1 port 3000","timestamp":"2025-02-28T20:51:42.427Z"}
{"level":"info","message":"Database connection has been established successfully12.","timestamp":"2025-02-28T20:51:42.490Z"}
{"level":"info","message":"Database synchronized","timestamp":"2025-02-28T20:51:42.492Z"}
{"level":"info","message":"Server is running on1 port 3000","timestamp":"2025-03-01T11:22:17.068Z"}
{"level":"info","message":"Database connection has been established successfully12.","timestamp":"2025-03-01T11:22:17.189Z"}
{"level":"info","message":"Database synchronized","timestamp":"2025-03-01T11:22:17.192Z"}
{"level":"info","message":"Server is running on1 port 3000","timestamp":"2025-03-01T15:21:50.480Z"}
{"level":"info","message":"Database connection has been established successfully12.","timestamp":"2025-03-01T15:21:50.543Z"}
{"level":"info","message":"Database synchronized","timestamp":"2025-03-01T15:21:50.545Z"}
{"level":"info","message":"Server is running on1 port 3000","timestamp":"2025-03-01T15:35:44.230Z"}
{"level":"info","message":"Database connection has been established successfully12.","timestamp":"2025-03-01T15:35:44.289Z"}
{"level":"info","message":"Database synchronized","timestamp":"2025-03-01T15:35:44.291Z"}
{"level":"info","message":"yes","timestamp":"2025-03-01T15:36:10.567Z"}
{"level":"info","message":"yes","timestamp":"2025-03-01T15:43:29.710Z"}
{"level":"info","message":"yes","timestamp":"2025-03-01T15:48:12.374Z"}
{"level":"info","message":"yes","timestamp":"2025-03-01T15:54:25.927Z"}
{"level":"info","message":"Server is running on1 port 3000","timestamp":"2025-03-01T15:54:33.043Z"}
{"level":"info","message":"Database connection has been established successfully12.","timestamp":"2025-03-01T15:54:33.105Z"}
{"level":"info","message":"Database synchronized","timestamp":"2025-03-01T15:54:33.106Z"}
{"level":"info","message":"yes","timestamp":"2025-03-01T15:54:36.138Z"}
{"level":"info","message":"Server is running on1 port 3000","timestamp":"2025-03-01T16:00:52.322Z"}
{"level":"info","message":"Database connection has been established successfully12.","timestamp":"2025-03-01T16:00:52.403Z"}
{"level":"info","message":"Database synchronized","timestamp":"2025-03-01T16:00:52.405Z"}
{"level":"info","message":"Server is running on1 port 3000","timestamp":"2025-03-01T16:02:44.411Z"}
{"level":"info","message":"Database connection has been established successfully12.","timestamp":"2025-03-01T16:02:44.687Z"}
{"level":"info","message":"Database synchronized","timestamp":"2025-03-01T16:02:44.689Z"}
{"level":"info","message":"Server is running on1 port 3000","timestamp":"2025-03-01T16:13:10.582Z"}
{"level":"info","message":"Database connection has been established successfully12.","timestamp":"2025-03-01T16:13:10.711Z"}
{"level":"info","message":"Database synchronized","timestamp":"2025-03-01T16:13:10.713Z"}
{"level":"info","message":"Server is running on1 port 3000","timestamp":"2025-03-01T16:15:13.462Z"}
{"level":"info","message":"Database connection has been established successfully12.","timestamp":"2025-03-01T16:15:13.588Z"}
{"level":"info","message":"Database synchronized","timestamp":"2025-03-01T16:15:13.590Z"}
{"level":"info","message":"Server is running on1 port 3000","timestamp":"2025-03-01T16:19:15.484Z"}
{"level":"info","message":"Database connection has been established successfully12.","timestamp":"2025-03-01T16:19:15.556Z"}
{"level":"info","message":"Database synchronized","timestamp":"2025-03-01T16:19:15.558Z"}
{"level":"info","message":"yes","timestamp":"2025-03-01T16:21:40.760Z"}
{"level":"info","message":"yes","timestamp":"2025-03-01T16:21:44.501Z"}
{"level":"info","message":"yes","timestamp":"2025-03-01T17:17:43.581Z"}
{"level":"info","message":"yes","timestamp":"2025-03-01T17:19:16.187Z"}
{"level":"info","message":"Server is running on1 port 3000","timestamp":"2025-03-01T17:22:51.833Z"}
{"level":"info","message":"Database connection has been established successfully12.","timestamp":"2025-03-01T17:22:51.877Z"}
{"level":"info","message":"Database synchronized","timestamp":"2025-03-01T17:22:51.947Z"}
{"level":"info","message":"Користувача romankaras2004@gmail.com успішно зареєстровано","timestamp":"2025-03-01T17:24:07.551Z"}
{"code":"EAUTH","command":"API","level":"error","message":"Помилка при реєстрації користувача:  Missing credentials for \"PLAIN\"","stack":"Error: Missing credentials for \"PLAIN\"\n    at SMTPConnection._formatError (/app/node_modules/nodemailer/lib/smtp-connection/index.js:809:19)\n    at SMTPConnection.login (/app/node_modules/nodemailer/lib/smtp-connection/index.js:454:38)\n    at /app/node_modules/nodemailer/lib/smtp-transport/index.js:272:32\n    at SMTPConnection.<anonymous> (/app/node_modules/nodemailer/lib/smtp-connection/index.js:215:17)\n    at Object.onceWrapper (node:events:621:28)\n    at SMTPConnection.emit (node:events:507:28)\n    at SMTPConnection._actionEHLO (/app/node_modules/nodemailer/lib/smtp-connection/index.js:1371:14)\n    at SMTPConnection._processResponse (/app/node_modules/nodemailer/lib/smtp-connection/index.js:993:20)\n    at SMTPConnection._onData (/app/node_modules/nodemailer/lib/smtp-connection/index.js:774:14)\n    at TLSSocket.SMTPConnection._onSocketData (/app/node_modules/nodemailer/lib/smtp-connection/index.js:195:44)","timestamp":"2025-03-01T17:24:08.403Z"}
{"level":"info","message":"Server is running on1 port 3000","timestamp":"2025-03-01T17:33:30.553Z"}
{"level":"info","message":"Database connection has been established successfully12.","timestamp":"2025-03-01T17:33:30.601Z"}
{"level":"info","message":"Database synchronized","timestamp":"2025-03-01T17:33:30.656Z"}
{"level":"info","message":"Server is running on1 port 3000","timestamp":"2025-03-01T17:45:29.053Z"}
{"level":"info","message":"Database connection has been established successfully12.","timestamp":"2025-03-01T17:45:29.103Z"}
{"level":"info","message":"Database synchronized","timestamp":"2025-03-01T17:45:29.214Z"}
{"level":"info","message":"Server is running on1 port 3000","timestamp":"2025-03-01T17:48:19.946Z"}
{"level":"info","message":"Database connection has been established successfully12.","timestamp":"2025-03-01T17:48:19.996Z"}
{"level":"info","message":"Database synchronized","timestamp":"2025-03-01T17:48:20.356Z"}
{"level":"info","message":"Користувача romankaras2004@gmail.com успішно зареєстровано","timestamp":"2025-03-01T18:24:19.603Z"}
{"code":"EAUTH","command":"API","level":"error","message":"Помилка при реєстрації користувача:  Missing credentials for \"PLAIN\"","stack":"Error: Missing credentials for \"PLAIN\"\n    at SMTPConnection._formatError (/app/node_modules/nodemailer/lib/smtp-connection/index.js:809:19)\n    at SMTPConnection.login (/app/node_modules/nodemailer/lib/smtp-connection/index.js:454:38)\n    at /app/node_modules/nodemailer/lib/smtp-transport/index.js:272:32\n    at SMTPConnection.<anonymous> (/app/node_modules/nodemailer/lib/smtp-connection/index.js:215:17)\n    at Object.onceWrapper (node:events:621:28)\n    at SMTPConnection.emit (node:events:507:28)\n    at SMTPConnection._actionEHLO (/app/node_modules/nodemailer/lib/smtp-connection/index.js:1371:14)\n    at SMTPConnection._processResponse (/app/node_modules/nodemailer/lib/smtp-connection/index.js:993:20)\n    at SMTPConnection._onData (/app/node_modules/nodemailer/lib/smtp-connection/index.js:774:14)\n    at TLSSocket.SMTPConnection._onSocketData (/app/node_modules/nodemailer/lib/smtp-connection/index.js:195:44)","timestamp":"2025-03-01T18:24:19.861Z"}
{"level":"info","message":"Server is running on1 port 3000","timestamp":"2025-03-01T18:27:49.974Z"}
{"level":"info","message":"Database connection has been established successfully12.","timestamp":"2025-03-01T18:27:50.082Z"}
{"level":"info","message":"Database synchronized","timestamp":"2025-03-01T18:27:50.244Z"}
{"level":"info","message":"Користувача romankaras2004@gmail.com успішно зареєстровано","timestamp":"2025-03-01T18:29:36.488Z"}
{"code":"EAUTH","command":"AUTH PLAIN","level":"error","message":"Помилка при реєстрації користувача:  Invalid login: 535-5.7.8 Username and Password not accepted. For more information, go to\n535 5.7.8  https://support.google.com/mail/?p=BadCredentials a640c23a62f3a-abf0c7c083esm515514766b.175 - gsmtp","response":"535-5.7.8 Username and Password not accepted. For more information, go to\n535 5.7.8  https://support.google.com/mail/?p=BadCredentials a640c23a62f3a-abf0c7c083esm515514766b.175 - gsmtp","responseCode":535,"stack":"Error: Invalid login: 535-5.7.8 Username and Password not accepted. For more information, go to\n535 5.7.8  https://support.google.com/mail/?p=BadCredentials a640c23a62f3a-abf0c7c083esm515514766b.175 - gsmtp\n    at SMTPConnection._formatError (/app/node_modules/nodemailer/lib/smtp-connection/index.js:809:19)\n    at SMTPConnection._actionAUTHComplete (/app/node_modules/nodemailer/lib/smtp-connection/index.js:1588:34)\n    at SMTPConnection.<anonymous> (/app/node_modules/nodemailer/lib/smtp-connection/index.js:556:26)\n    at SMTPConnection._processResponse (/app/node_modules/nodemailer/lib/smtp-connection/index.js:993:20)\n    at SMTPConnection._onData (/app/node_modules/nodemailer/lib/smtp-connection/index.js:774:14)\n    at TLSSocket.SMTPConnection._onSocketData (/app/node_modules/nodemailer/lib/smtp-connection/index.js:195:44)\n    at TLSSocket.emit (node:events:507:28)\n    at addChunk (node:internal/streams/readable:559:12)\n    at readableAddChunkPushByteMode (node:internal/streams/readable:510:3)\n    at TLSSocket.Readable.push (node:internal/streams/readable:390:5)","timestamp":"2025-03-01T18:29:37.071Z"}
{"errors":[{"instance":{"createdAt":"2025-03-01T18:41:45.265Z","dateJoined":"2025-03-01T18:41:45.265Z","email":"r","id":null,"isActive":true,"isStaff":false,"password":"$2b$10$vN6nuVDZOaGJNItezoAE4.0a5BlOnOePsCDpBoMWEqjoeaPWoHCea","updatedAt":"2025-03-01T18:41:45.265Z","username":"romankaras2004@gmail.com"},"message":"username must be unique","origin":"DB","path":"username","type":"unique violation","validatorArgs":[],"validatorKey":"not_unique","validatorName":null,"value":"romankaras2004@gmail.com"}],"fields":{"username":"romankaras2004@gmail.com"},"level":"error","message":"Помилка при реєстрації користувача:  Validation error","name":"SequelizeUniqueConstraintError","original":{"code":"23505","constraint":"users_username_key","detail":"Key (username)=(romankaras2004@gmail.com) already exists.","file":"nbtinsert.c","length":225,"line":"666","name":"error","parameters":["romankaras2004@gmail.com","r",false,true,"$2b$10$vN6nuVDZOaGJNItezoAE4.0a5BlOnOePsCDpBoMWEqjoeaPWoHCea","2025-03-01 18:41:45.265 +00:00","2025-03-01 18:41:45.265 +00:00","2025-03-01 18:41:45.265 +00:00"],"routine":"_bt_check_unique","schema":"public","severity":"ERROR","sql":"INSERT INTO \"users\" (\"id\",\"username\",\"email\",\"isStaff\",\"isActive\",\"password\",\"dateJoined\",\"createdAt\",\"updatedAt\") VALUES (DEFAULT,$1,$2,$3,$4,$5,$6,$7,$8) RETURNING \"id\",\"username\",\"email\",\"firstName\",\"lastName\",\"isStaff\",\"isActive\",\"password\",\"lastLogin\",\"dateJoined\",\"createdAt\",\"updatedAt\",\"confirmationToken\",\"passwordResetToken\",\"passwordResetExpires\";","table":"users"},"parent":{"code":"23505","constraint":"users_username_key","detail":"Key (username)=(romankaras2004@gmail.com) already exists.","file":"nbtinsert.c","length":225,"line":"666","name":"error","parameters":["romankaras2004@gmail.com","r",false,true,"$2b$10$vN6nuVDZOaGJNItezoAE4.0a5BlOnOePsCDpBoMWEqjoeaPWoHCea","2025-03-01 18:41:45.265 +00:00","2025-03-01 18:41:45.265 +00:00","2025-03-01 18:41:45.265 +00:00"],"routine":"_bt_check_unique","schema":"public","severity":"ERROR","sql":"INSERT INTO \"users\" (\"id\",\"username\",\"email\",\"isStaff\",\"isActive\",\"password\",\"dateJoined\",\"createdAt\",\"updatedAt\") VALUES (DEFAULT,$1,$2,$3,$4,$5,$6,$7,$8) RETURNING \"id\",\"username\",\"email\",\"firstName\",\"lastName\",\"isStaff\",\"isActive\",\"password\",\"lastLogin\",\"dateJoined\",\"createdAt\",\"updatedAt\",\"confirmationToken\",\"passwordResetToken\",\"passwordResetExpires\";","table":"users"},"sql":"INSERT INTO \"users\" (\"id\",\"username\",\"email\",\"isStaff\",\"isActive\",\"password\",\"dateJoined\",\"createdAt\",\"updatedAt\") VALUES (DEFAULT,$1,$2,$3,$4,$5,$6,$7,$8) RETURNING \"id\",\"username\",\"email\",\"firstName\",\"lastName\",\"isStaff\",\"isActive\",\"password\",\"lastLogin\",\"dateJoined\",\"createdAt\",\"updatedAt\",\"confirmationToken\",\"passwordResetToken\",\"passwordResetExpires\";","stack":"Error: \n    at Query.run (/app/node_modules/sequelize/src/dialects/postgres/query.js:76:25)\n    at /app/node_modules/sequelize/src/sequelize.js:650:28\n    at processTicksAndRejections (node:internal/process/task_queues:105:5)\n    at PostgresQueryInterface.insert (/app/node_modules/sequelize/src/dialects/abstract/query-interface.js:795:21)\n    at User.save (/app/node_modules/sequelize/src/model.js:4154:35)\n    at Function.create (/app/node_modules/sequelize/src/model.js:2305:12)\n    at AuthService.registerUser (/app/app/auth/auth.service.ts:14:20)\n    at register (/app/app/auth/auth.controller.ts:9:20)","timestamp":"2025-03-01T18:41:45.337Z"}
{"level":"info","message":"Користувача romankaras2004@gmail.com успішно зареєстровано","timestamp":"2025-03-01T18:45:48.786Z"}
{"code":"EAUTH","command":"AUTH PLAIN","level":"error","message":"Помилка при реєстрації користувача:  Invalid login: 535-5.7.8 Username and Password not accepted. For more information, go to\n535 5.7.8  https://support.google.com/mail/?p=BadCredentials a640c23a62f3a-abf5c4d9fefsm99088366b.135 - gsmtp","response":"535-5.7.8 Username and Password not accepted. For more information, go to\n535 5.7.8  https://support.google.com/mail/?p=BadCredentials a640c23a62f3a-abf5c4d9fefsm99088366b.135 - gsmtp","responseCode":535,"stack":"Error: Invalid login: 535-5.7.8 Username and Password not accepted. For more information, go to\n535 5.7.8  https://support.google.com/mail/?p=BadCredentials a640c23a62f3a-abf5c4d9fefsm99088366b.135 - gsmtp\n    at SMTPConnection._formatError (/app/node_modules/nodemailer/lib/smtp-connection/index.js:809:19)\n    at SMTPConnection._actionAUTHComplete (/app/node_modules/nodemailer/lib/smtp-connection/index.js:1588:34)\n    at SMTPConnection.<anonymous> (/app/node_modules/nodemailer/lib/smtp-connection/index.js:556:26)\n    at SMTPConnection._processResponse (/app/node_modules/nodemailer/lib/smtp-connection/index.js:993:20)\n    at SMTPConnection._onData (/app/node_modules/nodemailer/lib/smtp-connection/index.js:774:14)\n    at TLSSocket.SMTPConnection._onSocketData (/app/node_modules/nodemailer/lib/smtp-connection/index.js:195:44)\n    at TLSSocket.emit (node:events:507:28)\n    at addChunk (node:internal/streams/readable:559:12)\n    at readableAddChunkPushByteMode (node:internal/streams/readable:510:3)\n    at TLSSocket.Readable.push (node:internal/streams/readable:390:5)","timestamp":"2025-03-01T18:45:49.248Z"}
{"errors":[{"instance":{"createdAt":"2025-03-01T18:56:44.363Z","dateJoined":"2025-03-01T18:56:44.363Z","email":"r","id":null,"isActive":true,"isStaff":false,"password":"$2b$10$hOyt806Xmc5OBnfi8QQal.RtDCUz3klQwygWondjVvodFYQq4NlOu","updatedAt":"2025-03-01T18:56:44.364Z","username":"romankaras2004@gmail.com"},"message":"username must be unique","origin":"DB","path":"username","type":"unique violation","validatorArgs":[],"validatorKey":"not_unique","validatorName":null,"value":"romankaras2004@gmail.com"}],"fields":{"username":"romankaras2004@gmail.com"},"level":"error","message":"Помилка при реєстрації користувача:  Validation error","name":"SequelizeUniqueConstraintError","original":{"code":"23505","constraint":"users_username_key","detail":"Key (username)=(romankaras2004@gmail.com) already exists.","file":"nbtinsert.c","length":225,"line":"666","name":"error","parameters":["romankaras2004@gmail.com","r",false,true,"$2b$10$hOyt806Xmc5OBnfi8QQal.RtDCUz3klQwygWondjVvodFYQq4NlOu","2025-03-01 18:56:44.363 +00:00","2025-03-01 18:56:44.363 +00:00","2025-03-01 18:56:44.364 +00:00"],"routine":"_bt_check_unique","schema":"public","severity":"ERROR","sql":"INSERT INTO \"users\" (\"id\",\"username\",\"email\",\"isStaff\",\"isActive\",\"password\",\"dateJoined\",\"createdAt\",\"updatedAt\") VALUES (DEFAULT,$1,$2,$3,$4,$5,$6,$7,$8) RETURNING \"id\",\"username\",\"email\",\"firstName\",\"lastName\",\"isStaff\",\"isActive\",\"password\",\"lastLogin\",\"dateJoined\",\"createdAt\",\"updatedAt\",\"confirmationToken\",\"passwordResetToken\",\"passwordResetExpires\";","table":"users"},"parent":{"code":"23505","constraint":"users_username_key","detail":"Key (username)=(romankaras2004@gmail.com) already exists.","file":"nbtinsert.c","length":225,"line":"666","name":"error","parameters":["romankaras2004@gmail.com","r",false,true,"$2b$10$hOyt806Xmc5OBnfi8QQal.RtDCUz3klQwygWondjVvodFYQq4NlOu","2025-03-01 18:56:44.363 +00:00","2025-03-01 18:56:44.363 +00:00","2025-03-01 18:56:44.364 +00:00"],"routine":"_bt_check_unique","schema":"public","severity":"ERROR","sql":"INSERT INTO \"users\" (\"id\",\"username\",\"email\",\"isStaff\",\"isActive\",\"password\",\"dateJoined\",\"createdAt\",\"updatedAt\") VALUES (DEFAULT,$1,$2,$3,$4,$5,$6,$7,$8) RETURNING \"id\",\"username\",\"email\",\"firstName\",\"lastName\",\"isStaff\",\"isActive\",\"password\",\"lastLogin\",\"dateJoined\",\"createdAt\",\"updatedAt\",\"confirmationToken\",\"passwordResetToken\",\"passwordResetExpires\";","table":"users"},"sql":"INSERT INTO \"users\" (\"id\",\"username\",\"email\",\"isStaff\",\"isActive\",\"password\",\"dateJoined\",\"createdAt\",\"updatedAt\") VALUES (DEFAULT,$1,$2,$3,$4,$5,$6,$7,$8) RETURNING \"id\",\"username\",\"email\",\"firstName\",\"lastName\",\"isStaff\",\"isActive\",\"password\",\"lastLogin\",\"dateJoined\",\"createdAt\",\"updatedAt\",\"confirmationToken\",\"passwordResetToken\",\"passwordResetExpires\";","stack":"Error: \n    at Query.run (/app/node_modules/sequelize/src/dialects/postgres/query.js:76:25)\n    at /app/node_modules/sequelize/src/sequelize.js:650:28\n    at processTicksAndRejections (node:internal/process/task_queues:105:5)\n    at PostgresQueryInterface.insert (/app/node_modules/sequelize/src/dialects/abstract/query-interface.js:795:21)\n    at User.save (/app/node_modules/sequelize/src/model.js:4154:35)\n    at Function.create (/app/node_modules/sequelize/src/model.js:2305:12)\n    at AuthService.registerUser (/app/app/auth/auth.service.ts:14:20)\n    at register (/app/app/auth/auth.controller.ts:9:20)","timestamp":"2025-03-01T18:56:44.379Z"}
{"errors":[{"instance":{"createdAt":"2025-03-01T18:56:50.759Z","dateJoined":"2025-03-01T18:56:50.759Z","email":"r","id":null,"isActive":true,"isStaff":false,"password":"$2b$10$suE8ppfOqR3L.83RkynZvutYJVPBHhhoh.cIbtKPbqyBRYzI0riRG","updatedAt":"2025-03-01T18:56:50.759Z","username":"romankaras2004@gmail.com"},"message":"username must be unique","origin":"DB","path":"username","type":"unique violation","validatorArgs":[],"validatorKey":"not_unique","validatorName":null,"value":"romankaras2004@gmail.com"}],"fields":{"username":"romankaras2004@gmail.com"},"level":"error","message":"Помилка при реєстрації користувача:  Validation error","name":"SequelizeUniqueConstraintError","original":{"code":"23505","constraint":"users_username_key","detail":"Key (username)=(romankaras2004@gmail.com) already exists.","file":"nbtinsert.c","length":225,"line":"666","name":"error","parameters":["romankaras2004@gmail.com","r",false,true,"$2b$10$suE8ppfOqR3L.83RkynZvutYJVPBHhhoh.cIbtKPbqyBRYzI0riRG","2025-03-01 18:56:50.759 +00:00","2025-03-01 18:56:50.759 +00:00","2025-03-01 18:56:50.759 +00:00"],"routine":"_bt_check_unique","schema":"public","severity":"ERROR","sql":"INSERT INTO \"users\" (\"id\",\"username\",\"email\",\"isStaff\",\"isActive\",\"password\",\"dateJoined\",\"createdAt\",\"updatedAt\") VALUES (DEFAULT,$1,$2,$3,$4,$5,$6,$7,$8) RETURNING \"id\",\"username\",\"email\",\"firstName\",\"lastName\",\"isStaff\",\"isActive\",\"password\",\"lastLogin\",\"dateJoined\",\"createdAt\",\"updatedAt\",\"confirmationToken\",\"passwordResetToken\",\"passwordResetExpires\";","table":"users"},"parent":{"code":"23505","constraint":"users_username_key","detail":"Key (username)=(romankaras2004@gmail.com) already exists.","file":"nbtinsert.c","length":225,"line":"666","name":"error","parameters":["romankaras2004@gmail.com","r",false,true,"$2b$10$suE8ppfOqR3L.83RkynZvutYJVPBHhhoh.cIbtKPbqyBRYzI0riRG","2025-03-01 18:56:50.759 +00:00","2025-03-01 18:56:50.759 +00:00","2025-03-01 18:56:50.759 +00:00"],"routine":"_bt_check_unique","schema":"public","severity":"ERROR","sql":"INSERT INTO \"users\" (\"id\",\"username\",\"email\",\"isStaff\",\"isActive\",\"password\",\"dateJoined\",\"createdAt\",\"updatedAt\") VALUES (DEFAULT,$1,$2,$3,$4,$5,$6,$7,$8) RETURNING \"id\",\"username\",\"email\",\"firstName\",\"lastName\",\"isStaff\",\"isActive\",\"password\",\"lastLogin\",\"dateJoined\",\"createdAt\",\"updatedAt\",\"confirmationToken\",\"passwordResetToken\",\"passwordResetExpires\";","table":"users"},"sql":"INSERT INTO \"users\" (\"id\",\"username\",\"email\",\"isStaff\",\"isActive\",\"password\",\"dateJoined\",\"createdAt\",\"updatedAt\") VALUES (DEFAULT,$1,$2,$3,$4,$5,$6,$7,$8) RETURNING \"id\",\"username\",\"email\",\"firstName\",\"lastName\",\"isStaff\",\"isActive\",\"password\",\"lastLogin\",\"dateJoined\",\"createdAt\",\"updatedAt\",\"confirmationToken\",\"passwordResetToken\",\"passwordResetExpires\";","stack":"Error: \n    at Query.run (/app/node_modules/sequelize/src/dialects/postgres/query.js:76:25)\n    at /app/node_modules/sequelize/src/sequelize.js:650:28\n    at PostgresQueryInterface.insert (/app/node_modules/sequelize/src/dialects/abstract/query-interface.js:795:21)\n    at User.save (/app/node_modules/sequelize/src/model.js:4154:35)\n    at Function.create (/app/node_modules/sequelize/src/model.js:2305:12)\n    at AuthService.registerUser (/app/app/auth/auth.service.ts:14:20)\n    at register (/app/app/auth/auth.controller.ts:9:20)","timestamp":"2025-03-01T18:56:50.761Z"}
{"level":"info","message":"Server is running on1 port 3000","timestamp":"2025-03-01T19:41:18.456Z"}
{"level":"info","message":"Database connection has been established successfully12.","timestamp":"2025-03-01T19:41:18.502Z"}
{"level":"info","message":"Database synchronized","timestamp":"2025-03-01T19:41:18.562Z"}
{"level":"info","message":"Server is running on1 port 3000","timestamp":"2025-03-01T19:41:49.326Z"}
{"level":"info","message":"Database connection has been established successfully12.","timestamp":"2025-03-01T19:41:49.370Z"}
{"level":"info","message":"Database synchronized","timestamp":"2025-03-01T19:41:49.853Z"}
{"level":"info","message":"Користувача romankaras2004@gmail.com успішно зареєстровано","timestamp":"2025-03-01T19:42:07.682Z"}
{"code":"EAUTH","command":"AUTH PLAIN","level":"error","message":"Помилка при реєстрації користувача:  Invalid login: 534-5.7.9 Application-specific password required. For more information, go to\n534 5.7.9  https://support.google.com/mail/?p=InvalidSecondFactor 00721157ae682-6fd3ca65131sm12815137b3.56 - gsmtp","response":"534-5.7.9 Application-specific password required. For more information, go to\n534 5.7.9  https://support.google.com/mail/?p=InvalidSecondFactor 00721157ae682-6fd3ca65131sm12815137b3.56 - gsmtp","responseCode":534,"stack":"Error: Invalid login: 534-5.7.9 Application-specific password required. For more information, go to\n534 5.7.9  https://support.google.com/mail/?p=InvalidSecondFactor 00721157ae682-6fd3ca65131sm12815137b3.56 - gsmtp\n    at SMTPConnection._formatError (/app/node_modules/nodemailer/lib/smtp-connection/index.js:809:19)\n    at SMTPConnection._actionAUTHComplete (/app/node_modules/nodemailer/lib/smtp-connection/index.js:1588:34)\n    at SMTPConnection.<anonymous> (/app/node_modules/nodemailer/lib/smtp-connection/index.js:556:26)\n    at SMTPConnection._processResponse (/app/node_modules/nodemailer/lib/smtp-connection/index.js:993:20)\n    at SMTPConnection._onData (/app/node_modules/nodemailer/lib/smtp-connection/index.js:774:14)\n    at TLSSocket.SMTPConnection._onSocketData (/app/node_modules/nodemailer/lib/smtp-connection/index.js:195:44)\n    at TLSSocket.emit (node:events:507:28)\n    at addChunk (node:internal/streams/readable:559:12)\n    at readableAddChunkPushByteMode (node:internal/streams/readable:510:3)\n    at TLSSocket.Readable.push (node:internal/streams/readable:390:5)","timestamp":"2025-03-01T19:42:08.635Z"}
{"level":"info","message":"Server is running on1 port 3000","timestamp":"2025-03-01T19:45:23.603Z"}
{"level":"info","message":"Database connection has been established successfully12.","timestamp":"2025-03-01T19:45:23.784Z"}
{"level":"info","message":"Database synchronized","timestamp":"2025-03-01T19:45:24.064Z"}
{"errors":[{"instance":{"createdAt":"2025-03-01T19:46:20.608Z","dateJoined":"2025-03-01T19:46:20.608Z","email":"r","id":null,"isActive":true,"isStaff":false,"password":"$2b$10$OXTosmmHTVZxTJsOXEKFDulh.NXzD2UyHl7T/q3Gn5dbR8fo7eV8i","updatedAt":"2025-03-01T19:46:20.609Z","username":"romankaras2004@gmail.com"},"message":"username must be unique","origin":"DB","path":"username","type":"unique violation","validatorArgs":[],"validatorKey":"not_unique","validatorName":null,"value":"romankaras2004@gmail.com"}],"fields":{"username":"romankaras2004@gmail.com"},"level":"error","message":"Помилка при реєстрації користувача:  Validation error","name":"SequelizeUniqueConstraintError","original":{"code":"23505","constraint":"users_username_key","detail":"Key (username)=(romankaras2004@gmail.com) already exists.","file":"nbtinsert.c","length":225,"line":"666","name":"error","parameters":["romankaras2004@gmail.com","r",false,true,"$2b$10$OXTosmmHTVZxTJsOXEKFDulh.NXzD2UyHl7T/q3Gn5dbR8fo7eV8i","2025-03-01 19:46:20.608 +00:00","2025-03-01 19:46:20.608 +00:00","2025-03-01 19:46:20.609 +00:00"],"routine":"_bt_check_unique","schema":"public","severity":"ERROR","sql":"INSERT INTO \"users\" (\"id\",\"username\",\"email\",\"isStaff\",\"isActive\",\"password\",\"dateJoined\",\"createdAt\",\"updatedAt\") VALUES (DEFAULT,$1,$2,$3,$4,$5,$6,$7,$8) RETURNING \"id\",\"username\",\"email\",\"firstName\",\"lastName\",\"isStaff\",\"isActive\",\"password\",\"lastLogin\",\"dateJoined\",\"createdAt\",\"updatedAt\",\"confirmationToken\",\"passwordResetToken\",\"passwordResetExpires\";","table":"users"},"parent":{"code":"23505","constraint":"users_username_key","detail":"Key (username)=(romankaras2004@gmail.com) already exists.","file":"nbtinsert.c","length":225,"line":"666","name":"error","parameters":["romankaras2004@gmail.com","r",false,true,"$2b$10$OXTosmmHTVZxTJsOXEKFDulh.NXzD2UyHl7T/q3Gn5dbR8fo7eV8i","2025-03-01 19:46:20.608 +00:00","2025-03-01 19:46:20.608 +00:00","2025-03-01 19:46:20.609 +00:00"],"routine":"_bt_check_unique","schema":"public","severity":"ERROR","sql":"INSERT INTO \"users\" (\"id\",\"username\",\"email\",\"isStaff\",\"isActive\",\"password\",\"dateJoined\",\"createdAt\",\"updatedAt\") VALUES (DEFAULT,$1,$2,$3,$4,$5,$6,$7,$8) RETURNING \"id\",\"username\",\"email\",\"firstName\",\"lastName\",\"isStaff\",\"isActive\",\"password\",\"lastLogin\",\"dateJoined\",\"createdAt\",\"updatedAt\",\"confirmationToken\",\"passwordResetToken\",\"passwordResetExpires\";","table":"users"},"sql":"INSERT INTO \"users\" (\"id\",\"username\",\"email\",\"isStaff\",\"isActive\",\"password\",\"dateJoined\",\"createdAt\",\"updatedAt\") VALUES (DEFAULT,$1,$2,$3,$4,$5,$6,$7,$8) RETURNING \"id\",\"username\",\"email\",\"firstName\",\"lastName\",\"isStaff\",\"isActive\",\"password\",\"lastLogin\",\"dateJoined\",\"createdAt\",\"updatedAt\",\"confirmationToken\",\"passwordResetToken\",\"passwordResetExpires\";","stack":"Error: \n    at Query.run (/app/node_modules/sequelize/src/dialects/postgres/query.js:76:25)\n    at /app/node_modules/sequelize/src/sequelize.js:650:28\n    at processTicksAndRejections (node:internal/process/task_queues:105:5)\n    at PostgresQueryInterface.insert (/app/node_modules/sequelize/src/dialects/abstract/query-interface.js:795:21)\n    at User.save (/app/node_modules/sequelize/src/model.js:4154:35)\n    at Function.create (/app/node_modules/sequelize/src/model.js:2305:12)\n    at AuthService.registerUser (/app/app/auth/auth.service.ts:14:20)\n    at register (/app/app/auth/auth.controller.ts:9:20)","timestamp":"2025-03-01T19:46:21.557Z"}
{"level":"info","message":"Користувача romankaras2004@gmail.com успішно зареєстровано","timestamp":"2025-03-01T19:47:03.506Z"}
{"code":"EENVELOPE","command":"API","level":"error","message":"Помилка при реєстрації користувача:  No recipients defined","stack":"Error: No recipients defined\n    at SMTPConnection._formatError (/app/node_modules/nodemailer/lib/smtp-connection/index.js:809:19)\n    at SMTPConnection._setEnvelope (/app/node_modules/nodemailer/lib/smtp-connection/index.js:1047:34)\n    at SMTPConnection.send (/app/node_modules/nodemailer/lib/smtp-connection/index.js:631:14)\n    at sendMessage (/app/node_modules/nodemailer/lib/smtp-transport/index.js:228:28)\n    at /app/node_modules/nodemailer/lib/smtp-transport/index.js:286:25\n    at SMTPConnection._actionAUTHComplete (/app/node_modules/nodemailer/lib/smtp-connection/index.js:1602:9)\n    at SMTPConnection.<anonymous> (/app/node_modules/nodemailer/lib/smtp-connection/index.js:556:26)\n    at SMTPConnection._processResponse (/app/node_modules/nodemailer/lib/smtp-connection/index.js:993:20)\n    at SMTPConnection._onData (/app/node_modules/nodemailer/lib/smtp-connection/index.js:774:14)\n    at TLSSocket.SMTPConnection._onSocketData (/app/node_modules/nodemailer/lib/smtp-connection/index.js:195:44)","timestamp":"2025-03-01T19:47:04.393Z"}
{"level":"info","message":"Користувача romankaras2004@gmail.com успішно зареєстровано","timestamp":"2025-03-01T19:51:50.872Z"}
{"code":"EENVELOPE","command":"API","level":"error","message":"Помилка при реєстрації користувача:  No recipients defined","stack":"Error: No recipients defined\n    at SMTPConnection._formatError (/app/node_modules/nodemailer/lib/smtp-connection/index.js:809:19)\n    at SMTPConnection._setEnvelope (/app/node_modules/nodemailer/lib/smtp-connection/index.js:1047:34)\n    at SMTPConnection.send (/app/node_modules/nodemailer/lib/smtp-connection/index.js:631:14)\n    at sendMessage (/app/node_modules/nodemailer/lib/smtp-transport/index.js:228:28)\n    at /app/node_modules/nodemailer/lib/smtp-transport/index.js:286:25\n    at SMTPConnection._actionAUTHComplete (/app/node_modules/nodemailer/lib/smtp-connection/index.js:1602:9)\n    at SMTPConnection.<anonymous> (/app/node_modules/nodemailer/lib/smtp-connection/index.js:556:26)\n    at SMTPConnection._processResponse (/app/node_modules/nodemailer/lib/smtp-connection/index.js:993:20)\n    at SMTPConnection._onData (/app/node_modules/nodemailer/lib/smtp-connection/index.js:774:14)\n    at TLSSocket.SMTPConnection._onSocketData (/app/node_modules/nodemailer/lib/smtp-connection/index.js:195:44)","timestamp":"2025-03-01T19:51:51.716Z"}
{"level":"info","message":"Користувача romankaras2004@gmail.com успішно зареєстровано","timestamp":"2025-03-01T19:55:32.007Z"}
{"code":"EENVELOPE","command":"API","level":"error","message":"Помилка при реєстрації користувача:  No recipients defined","stack":"Error: No recipients defined\n    at SMTPConnection._formatError (/app/node_modules/nodemailer/lib/smtp-connection/index.js:809:19)\n    at SMTPConnection._setEnvelope (/app/node_modules/nodemailer/lib/smtp-connection/index.js:1047:34)\n    at SMTPConnection.send (/app/node_modules/nodemailer/lib/smtp-connection/index.js:631:14)\n    at sendMessage (/app/node_modules/nodemailer/lib/smtp-transport/index.js:228:28)\n    at /app/node_modules/nodemailer/lib/smtp-transport/index.js:286:25\n    at SMTPConnection._actionAUTHComplete (/app/node_modules/nodemailer/lib/smtp-connection/index.js:1602:9)\n    at SMTPConnection.<anonymous> (/app/node_modules/nodemailer/lib/smtp-connection/index.js:556:26)\n    at SMTPConnection._processResponse (/app/node_modules/nodemailer/lib/smtp-connection/index.js:993:20)\n    at SMTPConnection._onData (/app/node_modules/nodemailer/lib/smtp-connection/index.js:774:14)\n    at TLSSocket.SMTPConnection._onSocketData (/app/node_modules/nodemailer/lib/smtp-connection/index.js:195:44)","timestamp":"2025-03-01T19:55:32.481Z"}
{"level":"info","message":"Користувача romankaras2004@gmail.com успішно зареєстровано","timestamp":"2025-03-01T19:58:57.056Z"}
{"code":"EENVELOPE","command":"API","level":"error","message":"Помилка при реєстрації користувача:  No recipients defined","stack":"Error: No recipients defined\n    at SMTPConnection._formatError (/app/node_modules/nodemailer/lib/smtp-connection/index.js:809:19)\n    at SMTPConnection._setEnvelope (/app/node_modules/nodemailer/lib/smtp-connection/index.js:1047:34)\n    at SMTPConnection.send (/app/node_modules/nodemailer/lib/smtp-connection/index.js:631:14)\n    at sendMessage (/app/node_modules/nodemailer/lib/smtp-transport/index.js:228:28)\n    at /app/node_modules/nodemailer/lib/smtp-transport/index.js:286:25\n    at SMTPConnection._actionAUTHComplete (/app/node_modules/nodemailer/lib/smtp-connection/index.js:1602:9)\n    at SMTPConnection.<anonymous> (/app/node_modules/nodemailer/lib/smtp-connection/index.js:556:26)\n    at SMTPConnection._processResponse (/app/node_modules/nodemailer/lib/smtp-connection/index.js:993:20)\n    at SMTPConnection._onData (/app/node_modules/nodemailer/lib/smtp-connection/index.js:774:14)\n    at TLSSocket.SMTPConnection._onSocketData (/app/node_modules/nodemailer/lib/smtp-connection/index.js:195:44)","timestamp":"2025-03-01T19:58:57.529Z"}
{"level":"info","message":"Користувача romankaras2004@gmail.com успішно зареєстровано","timestamp":"2025-03-01T20:00:41.224Z"}
{"code":"EENVELOPE","command":"API","level":"error","message":"Помилка при реєстрації користувача:  No recipients defined","stack":"Error: No recipients defined\n    at SMTPConnection._formatError (/app/node_modules/nodemailer/lib/smtp-connection/index.js:809:19)\n    at SMTPConnection._setEnvelope (/app/node_modules/nodemailer/lib/smtp-connection/index.js:1047:34)\n    at SMTPConnection.send (/app/node_modules/nodemailer/lib/smtp-connection/index.js:631:14)\n    at sendMessage (/app/node_modules/nodemailer/lib/smtp-transport/index.js:228:28)\n    at /app/node_modules/nodemailer/lib/smtp-transport/index.js:286:25\n    at SMTPConnection._actionAUTHComplete (/app/node_modules/nodemailer/lib/smtp-connection/index.js:1602:9)\n    at SMTPConnection.<anonymous> (/app/node_modules/nodemailer/lib/smtp-connection/index.js:556:26)\n    at SMTPConnection._processResponse (/app/node_modules/nodemailer/lib/smtp-connection/index.js:993:20)\n    at SMTPConnection._onData (/app/node_modules/nodemailer/lib/smtp-connection/index.js:774:14)\n    at TLSSocket.SMTPConnection._onSocketData (/app/node_modules/nodemailer/lib/smtp-connection/index.js:195:44)","timestamp":"2025-03-01T20:00:41.736Z"}
{"level":"info","message":"Server is running on1 port 3000","timestamp":"2025-03-01T20:02:02.185Z"}
{"level":"info","message":"Database connection has been established successfully12.","timestamp":"2025-03-01T20:02:02.233Z"}
{"level":"info","message":"Database synchronized","timestamp":"2025-03-01T20:02:02.297Z"}
{"level":"info","message":"Користувача fadsdfas успішно зареєстровано","timestamp":"2025-03-01T20:02:21.542Z"}
{"level":"info","message":"romankaras2004@gmail.com","timestamp":"2025-03-01T20:02:21.549Z"}
{"level":"info","message":"Лист надіслано до romankaras2004@gmail.com","timestamp":"2025-03-01T20:02:25.373Z"}
{"level":"info","message":1,"timestamp":"2025-03-01T21:31:26.532Z"}
{"level":"info","message":"Server is running on1 port 3000","timestamp":"2025-03-01T21:31:26.536Z"}
{"level":"info","message":"Database connection has been established successfully12.","timestamp":"2025-03-01T21:31:26.581Z"}
{"level":"info","message":"Database synchronized","timestamp":"2025-03-01T21:31:26.645Z"}
{"level":"info","message":12222,"timestamp":"2025-03-01T21:54:52.685Z"}
{"level":"info","message":"Server is running on1 port 3000","timestamp":"2025-03-01T21:54:52.690Z"}
{"level":"info","message":"Database connection has been established successfully12.","timestamp":"2025-03-01T21:54:52.736Z"}
{"level":"info","message":"Database synchronized1","timestamp":"2025-03-01T21:54:52.804Z"}
{"level":"info","message":12222,"timestamp":"2025-03-01T22:01:11.194Z"}
{"level":"info","message":"Server is running on1 port 3000","timestamp":"2025-03-01T22:01:11.199Z"}
{"level":"info","message":"Database connection has been established successfully12.","timestamp":"2025-03-01T22:01:11.245Z"}
{"level":"info","message":"Database synchronized","timestamp":"2025-03-01T22:01:11.310Z"}
{"level":"info","message":122222,"timestamp":"2025-03-01T22:04:29.991Z"}
{"level":"info","message":"Server is running on1 port 3000","timestamp":"2025-03-01T22:04:29.997Z"}
{"level":"info","message":"Database connection has been established successfully12.","timestamp":"2025-03-01T22:04:30.044Z"}
{"level":"info","message":"Database synchronized","timestamp":"2025-03-01T22:04:30.110Z"}
{"level":"info","message":1222221,"timestamp":"2025-03-01T22:15:08.349Z"}
{"level":"info","message":"Server is running on1 port 3000","timestamp":"2025-03-01T22:15:08.355Z"}
{"level":"info","message":"Database connection has been established successfully12.","timestamp":"2025-03-01T22:15:08.562Z"}
{"level":"info","message":"Database synchronized","timestamp":"2025-03-01T22:15:08.773Z"}
{"level":"info","message":33,"timestamp":"2025-03-01T22:17:18.635Z"}
{"level":"info","message":"Server is running on1 port 3000","timestamp":"2025-03-01T22:17:18.640Z"}
{"level":"info","message":"Database connection has been established successfully12.","timestamp":"2025-03-01T22:17:18.684Z"}
{"level":"info","message":"Database synchronized","timestamp":"2025-03-01T22:17:18.747Z"}
{"level":"info","message":33,"timestamp":"2025-03-01T22:17:29.613Z"}
{"level":"info","message":"Server is running on1 port 3000","timestamp":"2025-03-01T22:17:29.648Z"}
{"level":"info","message":"Database connection has been established successfully12.","timestamp":"2025-03-01T22:17:29.693Z"}
{"level":"info","message":"Database synchronized","timestamp":"2025-03-01T22:17:30.213Z"}
{"level":"info","message":133,"timestamp":"2025-03-01T22:19:01.301Z"}
{"level":"info","message":"Server is running on1 port 3000","timestamp":"2025-03-01T22:19:01.305Z"}
{"level":"info","message":"Database connection has been established successfully12.","timestamp":"2025-03-01T22:19:01.352Z"}
{"level":"info","message":"Database synchronized","timestamp":"2025-03-01T22:19:01.414Z"}
{"level":"info","message":21,"timestamp":"2025-03-01T22:57:04.471Z"}
{"level":"info","message":"Користувача fadsdfas успішно зареєстровано","timestamp":"2025-03-01T22:57:04.494Z"}
{"level":"info","message":"romankaras2004@gmail.com","timestamp":"2025-03-01T22:57:04.500Z"}
{"level":"info","message":"Лист надіслано до romankaras2004@gmail.com","timestamp":"2025-03-01T22:57:06.164Z"}
{"level":"info","message":12345,"timestamp":"2025-03-01T23:11:59.267Z"}
{"level":"info","message":"Change test: 2025-03-01T23:11:59.270Z","timestamp":"2025-03-01T23:11:59.270Z"}
{"level":"info","message":"Server is running on1 port 3000","timestamp":"2025-03-01T23:11:59.273Z"}
{"level":"info","message":"Database connection has been established successfully12.","timestamp":"2025-03-01T23:11:59.320Z"}
{"level":"info","message":"Database synchronized","timestamp":"2025-03-01T23:11:59.388Z"}
{"level":"info","message":1234,"timestamp":"2025-03-01T23:14:39.638Z"}
{"level":"info","message":"Change test: 2025-03-01T23:14:39.640Z","timestamp":"2025-03-01T23:14:39.640Z"}
{"level":"info","message":"Server is running on1 port 3000","timestamp":"2025-03-01T23:14:39.643Z"}
{"level":"info","message":"Database connection has been established successfully12.","timestamp":"2025-03-01T23:14:39.785Z"}
{"level":"info","message":"Database synchronized","timestamp":"2025-03-01T23:14:39.925Z"}
{"level":"info","message":112234,"timestamp":"2025-03-01T23:16:26.609Z"}
{"level":"info","message":"Change test: 2025-03-01T23:16:26.611Z","timestamp":"2025-03-01T23:16:26.611Z"}
{"level":"info","message":"Server is running on1 port 3000","timestamp":"2025-03-01T23:16:26.614Z"}
{"level":"info","message":"Database connection has been established successfully12.","timestamp":"2025-03-01T23:16:26.666Z"}
{"level":"info","message":"Database synchronized","timestamp":"2025-03-01T23:16:26.741Z"}
{"level":"info","message":2234,"timestamp":"2025-03-01T23:22:00.409Z"}
{"level":"info","message":"Change test: 2025-03-01T23:22:00.415Z","timestamp":"2025-03-01T23:22:00.415Z"}
{"level":"info","message":"Server is running on1 port 3000","timestamp":"2025-03-01T23:22:00.419Z"}
{"level":"info","message":"Database connection has been established successfully12.","timestamp":"2025-03-01T23:22:00.571Z"}
{"level":"info","message":"Database synchronized","timestamp":"2025-03-01T23:22:00.731Z"}
{"level":"info","message":34,"timestamp":"2025-03-01T23:30:24.060Z"}
{"level":"info","message":"Change test: 2025-03-01T23:30:24.064Z","timestamp":"2025-03-01T23:30:24.064Z"}
{"level":"info","message":"Server is running on1 port 3000","timestamp":"2025-03-01T23:30:24.068Z"}
{"level":"info","message":"Database connection has been established successfully12.","timestamp":"2025-03-01T23:30:24.233Z"}
{"level":"info","message":"Database synchronized","timestamp":"2025-03-01T23:30:24.463Z"}
{"level":"info","message":334,"timestamp":"2025-03-01T23:32:45.510Z"}
{"level":"info","message":"Change test: 2025-03-01T23:32:45.514Z","timestamp":"2025-03-01T23:32:45.514Z"}
{"level":"info","message":"Server is running on1 port 3000","timestamp":"2025-03-01T23:32:45.518Z"}
{"level":"error","message":"Unable to connect to the database:","name":"SequelizeConnectionRefusedError","original":{"code":"ECONNREFUSED"},"parent":{"code":"ECONNREFUSED"},"stack":"SequelizeConnectionRefusedError: \n    at Client._connectionCallback (C:\\Users\\1\\Desktop\\Badminton_site\\badminton_app\\server\\node_modules\\sequelize\\src\\dialects\\postgres\\connection-manager.js:184:24)\n    at Client._handleErrorWhileConnecting (C:\\Users\\1\\Desktop\\Badminton_site\\badminton_app\\server\\node_modules\\pg\\lib\\client.js:326:19)\n    at Client._handleErrorEvent (C:\\Users\\1\\Desktop\\Badminton_site\\badminton_app\\server\\node_modules\\pg\\lib\\client.js:336:19)\n    at Connection.emit (node:events:518:28)\n    at Socket.reportStreamError (C:\\Users\\1\\Desktop\\Badminton_site\\badminton_app\\server\\node_modules\\pg\\lib\\connection.js:57:12)\n    at Socket.emit (node:events:518:28)\n    at emitErrorNT (node:internal/streams/destroy:170:8)\n    at emitErrorCloseNT (node:internal/streams/destroy:129:3)\n    at processTicksAndRejections (node:internal/process/task_queues:90:21)","timestamp":"2025-03-01T23:32:45.554Z"}
{"level":"info","message":3343,"timestamp":"2025-03-01T23:32:59.433Z"}
{"level":"info","message":"Change test: 2025-03-01T23:32:59.437Z","timestamp":"2025-03-01T23:32:59.437Z"}
{"level":"info","message":"Server is running on1 port 3000","timestamp":"2025-03-01T23:32:59.442Z"}
{"level":"error","message":"Unable to connect to the database:","name":"SequelizeConnectionRefusedError","original":{"code":"ECONNREFUSED"},"parent":{"code":"ECONNREFUSED"},"stack":"SequelizeConnectionRefusedError: \n    at Client._connectionCallback (C:\\Users\\1\\Desktop\\Badminton_site\\badminton_app\\server\\node_modules\\sequelize\\src\\dialects\\postgres\\connection-manager.js:184:24)\n    at Client._handleErrorWhileConnecting (C:\\Users\\1\\Desktop\\Badminton_site\\badminton_app\\server\\node_modules\\pg\\lib\\client.js:326:19)\n    at Client._handleErrorEvent (C:\\Users\\1\\Desktop\\Badminton_site\\badminton_app\\server\\node_modules\\pg\\lib\\client.js:336:19)\n    at Connection.emit (node:events:518:28)\n    at Socket.reportStreamError (C:\\Users\\1\\Desktop\\Badminton_site\\badminton_app\\server\\node_modules\\pg\\lib\\connection.js:57:12)\n    at Socket.emit (node:events:518:28)\n    at emitErrorNT (node:internal/streams/destroy:170:8)\n    at emitErrorCloseNT (node:internal/streams/destroy:129:3)\n    at processTicksAndRejections (node:internal/process/task_queues:90:21)","timestamp":"2025-03-01T23:32:59.468Z"}
{"level":"info","message":33433,"timestamp":"2025-03-01T23:33:09.567Z"}
{"level":"info","message":"Change test: 2025-03-01T23:33:09.570Z","timestamp":"2025-03-01T23:33:09.570Z"}
{"level":"info","message":"Server is running on1 port 3000","timestamp":"2025-03-01T23:33:09.574Z"}
{"level":"error","message":"Unable to connect to the database:","name":"SequelizeConnectionRefusedError","original":{"code":"ECONNREFUSED"},"parent":{"code":"ECONNREFUSED"},"stack":"SequelizeConnectionRefusedError: \n    at Client._connectionCallback (C:\\Users\\1\\Desktop\\Badminton_site\\badminton_app\\server\\node_modules\\sequelize\\src\\dialects\\postgres\\connection-manager.js:184:24)\n    at Client._handleErrorWhileConnecting (C:\\Users\\1\\Desktop\\Badminton_site\\badminton_app\\server\\node_modules\\pg\\lib\\client.js:326:19)\n    at Client._handleErrorEvent (C:\\Users\\1\\Desktop\\Badminton_site\\badminton_app\\server\\node_modules\\pg\\lib\\client.js:336:19)\n    at Connection.emit (node:events:518:28)\n    at Socket.reportStreamError (C:\\Users\\1\\Desktop\\Badminton_site\\badminton_app\\server\\node_modules\\pg\\lib\\connection.js:57:12)\n    at Socket.emit (node:events:518:28)\n    at emitErrorNT (node:internal/streams/destroy:170:8)\n    at emitErrorCloseNT (node:internal/streams/destroy:129:3)\n    at processTicksAndRejections (node:internal/process/task_queues:90:21)","timestamp":"2025-03-01T23:33:09.600Z"}
{"level":"info","message":334333,"timestamp":"2025-03-01T23:33:17.330Z"}
{"level":"info","message":"Change test: 2025-03-01T23:33:17.334Z","timestamp":"2025-03-01T23:33:17.334Z"}
{"level":"info","message":"Server is running on1 port 3000","timestamp":"2025-03-01T23:33:17.339Z"}
{"level":"error","message":"Unable to connect to the database:","name":"SequelizeConnectionRefusedError","original":{"code":"ECONNREFUSED"},"parent":{"code":"ECONNREFUSED"},"stack":"SequelizeConnectionRefusedError: \n    at Client._connectionCallback (C:\\Users\\1\\Desktop\\Badminton_site\\badminton_app\\server\\node_modules\\sequelize\\src\\dialects\\postgres\\connection-manager.js:184:24)\n    at Client._handleErrorWhileConnecting (C:\\Users\\1\\Desktop\\Badminton_site\\badminton_app\\server\\node_modules\\pg\\lib\\client.js:326:19)\n    at Client._handleErrorEvent (C:\\Users\\1\\Desktop\\Badminton_site\\badminton_app\\server\\node_modules\\pg\\lib\\client.js:336:19)\n    at Connection.emit (node:events:518:28)\n    at Socket.reportStreamError (C:\\Users\\1\\Desktop\\Badminton_site\\badminton_app\\server\\node_modules\\pg\\lib\\connection.js:57:12)\n    at Socket.emit (node:events:518:28)\n    at emitErrorNT (node:internal/streams/destroy:170:8)\n    at emitErrorCloseNT (node:internal/streams/destroy:129:3)\n    at processTicksAndRejections (node:internal/process/task_queues:90:21)","timestamp":"2025-03-01T23:33:17.365Z"}
{"level":"info","message":334333,"timestamp":"2025-03-01T23:34:45.213Z"}
{"level":"info","message":"Change test: 2025-03-01T23:34:45.216Z","timestamp":"2025-03-01T23:34:45.216Z"}
{"level":"info","message":"Server is running on1 port 3000","timestamp":"2025-03-01T23:34:45.221Z"}
{"level":"error","message":"Unable to connect to the database:","name":"SequelizeConnectionRefusedError","original":{"code":"ECONNREFUSED"},"parent":{"code":"ECONNREFUSED"},"stack":"SequelizeConnectionRefusedError: \n    at Client._connectionCallback (C:\\Users\\1\\Desktop\\Badminton_site\\badminton_app\\server\\node_modules\\sequelize\\src\\dialects\\postgres\\connection-manager.js:184:24)\n    at Client._handleErrorWhileConnecting (C:\\Users\\1\\Desktop\\Badminton_site\\badminton_app\\server\\node_modules\\pg\\lib\\client.js:326:19)\n    at Client._handleErrorEvent (C:\\Users\\1\\Desktop\\Badminton_site\\badminton_app\\server\\node_modules\\pg\\lib\\client.js:336:19)\n    at Connection.emit (node:events:518:28)\n    at Socket.reportStreamError (C:\\Users\\1\\Desktop\\Badminton_site\\badminton_app\\server\\node_modules\\pg\\lib\\connection.js:57:12)\n    at Socket.emit (node:events:518:28)\n    at emitErrorNT (node:internal/streams/destroy:170:8)\n    at emitErrorCloseNT (node:internal/streams/destroy:129:3)\n    at processTicksAndRejections (node:internal/process/task_queues:90:21)","timestamp":"2025-03-01T23:34:45.247Z"}
{"level":"info","message":334333,"timestamp":"2025-03-01T23:38:57.745Z"}
{"level":"info","message":"Change test: 2025-03-01T23:38:57.749Z","timestamp":"2025-03-01T23:38:57.749Z"}
{"level":"info","message":"Server is running on1 port 3000","timestamp":"2025-03-01T23:38:57.752Z"}
{"level":"error","message":"Unable to connect to the database:","name":"SequelizeConnectionRefusedError","original":{"code":"ECONNREFUSED"},"parent":{"code":"ECONNREFUSED"},"stack":"SequelizeConnectionRefusedError: \n    at Client._connectionCallback (C:\\Users\\1\\Desktop\\Badminton_site\\badminton_app\\server\\node_modules\\sequelize\\src\\dialects\\postgres\\connection-manager.js:184:24)\n    at Client._handleErrorWhileConnecting (C:\\Users\\1\\Desktop\\Badminton_site\\badminton_app\\server\\node_modules\\pg\\lib\\client.js:326:19)\n    at Client._handleErrorEvent (C:\\Users\\1\\Desktop\\Badminton_site\\badminton_app\\server\\node_modules\\pg\\lib\\client.js:336:19)\n    at Connection.emit (node:events:518:28)\n    at Socket.reportStreamError (C:\\Users\\1\\Desktop\\Badminton_site\\badminton_app\\server\\node_modules\\pg\\lib\\connection.js:57:12)\n    at Socket.emit (node:events:518:28)\n    at emitErrorNT (node:internal/streams/destroy:170:8)\n    at emitErrorCloseNT (node:internal/streams/destroy:129:3)\n    at processTicksAndRejections (node:internal/process/task_queues:90:21)","timestamp":"2025-03-01T23:38:57.778Z"}
{"level":"info","message":334333,"timestamp":"2025-03-01T23:39:53.587Z"}
{"level":"info","message":"Change test: 2025-03-01T23:39:53.591Z","timestamp":"2025-03-01T23:39:53.591Z"}
{"level":"info","message":"Server is running on1 port 3000","timestamp":"2025-03-01T23:39:53.593Z"}
{"level":"info","message":"Database connection has been established successfully12.","timestamp":"2025-03-01T23:39:53.871Z"}
{"level":"info","message":"Database synchronized","timestamp":"2025-03-01T23:39:54.041Z"}
{"level":"info","message":98,"timestamp":"2025-03-01T23:56:10.614Z"}
{"level":"info","message":"Change test: 2025-03-01T23:56:10.618Z","timestamp":"2025-03-01T23:56:10.618Z"}
{"level":"info","message":"Server is running on1 port 3000","timestamp":"2025-03-01T23:56:10.622Z"}
{"level":"info","message":"Database connection has been established successfully12.","timestamp":"2025-03-01T23:56:10.792Z"}
{"level":"info","message":"Database synchronized","timestamp":"2025-03-01T23:56:10.998Z"}
{"level":"info","message":983,"timestamp":"2025-03-02T12:31:32.390Z"}
{"level":"info","message":"Change test: 2025-03-02T12:31:32.393Z","timestamp":"2025-03-02T12:31:32.393Z"}
{"level":"info","message":"Server is running on1 port 3000","timestamp":"2025-03-02T12:31:32.397Z"}
{"level":"info","message":"Database connection has been established successfully12.","timestamp":"2025-03-02T12:31:32.545Z"}
{"level":"info","message":"Database synchronized","timestamp":"2025-03-02T12:31:32.744Z"}
{"level":"info","message":9832,"timestamp":"2025-03-02T12:36:20.794Z"}
{"level":"info","message":"Change test: 2025-03-02T12:36:20.797Z","timestamp":"2025-03-02T12:36:20.797Z"}
{"level":"info","message":"Server is running on1 port 3000","timestamp":"2025-03-02T12:36:20.800Z"}
{"level":"info","message":"Database connection has been established successfully12.","timestamp":"2025-03-02T12:36:20.936Z"}
{"level":"info","message":"Database synchronized","timestamp":"2025-03-02T12:36:21.117Z"}
{"level":"info","message":9222,"timestamp":"2025-03-02T12:36:53.038Z"}
{"level":"info","message":"Change test: 2025-03-02T12:36:53.041Z","timestamp":"2025-03-02T12:36:53.041Z"}
{"level":"info","message":"Server is running on1 port 3000","timestamp":"2025-03-02T12:36:53.045Z"}
{"level":"info","message":"Database connection has been established successfully12.","timestamp":"2025-03-02T12:36:53.148Z"}
{"level":"info","message":"Database synchronized","timestamp":"2025-03-02T12:36:53.599Z"}
{"level":"info","message":9222,"timestamp":"2025-03-02T12:46:01.692Z"}
{"level":"info","message":"Change test: 2025-03-02T12:46:01.695Z","timestamp":"2025-03-02T12:46:01.695Z"}
{"level":"info","message":"Server is running on1 port 3000","timestamp":"2025-03-02T12:46:01.697Z"}
{"level":"info","message":"Database connection has been established successfully12.","timestamp":"2025-03-02T12:46:01.803Z"}
{"level":"info","message":"Database synchronized","timestamp":"2025-03-02T12:46:01.961Z"}
{"level":"info","message":92222,"timestamp":"2025-03-02T12:46:25.643Z"}
{"level":"info","message":"Change test: 2025-03-02T12:46:25.646Z","timestamp":"2025-03-02T12:46:25.646Z"}
{"level":"info","message":"Server is running on1 port 3000","timestamp":"2025-03-02T12:46:25.648Z"}
{"level":"info","message":"Database connection has been established successfully12.","timestamp":"2025-03-02T12:46:25.697Z"}
{"level":"info","message":"Database synchronized","timestamp":"2025-03-02T12:46:26.272Z"}
{"level":"info","message":92222,"timestamp":"2025-03-02T12:46:42.557Z"}
{"level":"info","message":"Change test: 2025-03-02T12:46:42.596Z","timestamp":"2025-03-02T12:46:42.596Z"}
{"level":"info","message":"Server is running on1 port 3000","timestamp":"2025-03-02T12:46:42.599Z"}
{"level":"info","message":"Database connection has been established successfully12.","timestamp":"2025-03-02T12:46:42.977Z"}
{"level":"info","message":"Database synchronized","timestamp":"2025-03-02T12:46:45.578Z"}
{"level":"info","message":92222,"timestamp":"2025-03-02T16:33:52.895Z"}
{"level":"info","message":"Change test: 2025-03-02T16:33:52.907Z","timestamp":"2025-03-02T16:33:52.907Z"}
{"level":"info","message":"Server is running on1 port 3000","timestamp":"2025-03-02T16:33:52.911Z"}
{"level":"info","message":"Database connection has been established successfully12.","timestamp":"2025-03-02T16:33:52.962Z"}
{"level":"info","message":"Database synchronized","timestamp":"2025-03-02T16:33:53.064Z"}
{"level":"info","message":92222,"timestamp":"2025-03-02T16:33:56.855Z"}
{"level":"info","message":"Change test: 2025-03-02T16:33:56.857Z","timestamp":"2025-03-02T16:33:56.857Z"}
{"level":"info","message":"Server is running on1 port 3000","timestamp":"2025-03-02T16:33:56.860Z"}
{"level":"info","message":"Database connection has been established successfully12.","timestamp":"2025-03-02T16:33:56.902Z"}
{"level":"info","message":"Database synchronized","timestamp":"2025-03-02T16:33:56.978Z"}
{"level":"info","message":92222,"timestamp":"2025-03-02T16:34:16.388Z"}
{"level":"info","message":"Change test: 2025-03-02T16:34:16.390Z","timestamp":"2025-03-02T16:34:16.390Z"}
{"level":"info","message":"Server is running on1 port 3000","timestamp":"2025-03-02T16:34:16.393Z"}
{"level":"info","message":"Database connection has been established successfully12.","timestamp":"2025-03-02T16:34:16.437Z"}
{"level":"info","message":"Database synchronized","timestamp":"2025-03-02T16:34:16.720Z"}
{"level":"info","message":92222,"timestamp":"2025-03-02T16:34:36.757Z"}
{"level":"info","message":"Change test: 2025-03-02T16:34:36.760Z","timestamp":"2025-03-02T16:34:36.760Z"}
{"level":"info","message":"Server is running on1 port 3000","timestamp":"2025-03-02T16:34:36.762Z"}
{"level":"info","message":"Database connection has been established successfully12.","timestamp":"2025-03-02T16:34:36.808Z"}
{"level":"info","message":"Database synchronized","timestamp":"2025-03-02T16:34:37.354Z"}
{"level":"info","message":92222,"timestamp":"2025-03-02T16:35:21.468Z"}
{"level":"info","message":"Change test: 2025-03-02T16:35:21.470Z","timestamp":"2025-03-02T16:35:21.470Z"}
{"level":"info","message":"Server is running on1 port 3000","timestamp":"2025-03-02T16:35:21.473Z"}
{"level":"info","message":"Database connection has been established successfully12.","timestamp":"2025-03-02T16:35:21.520Z"}
{"level":"info","message":"Database synchronized","timestamp":"2025-03-02T16:35:22.088Z"}
{"level":"info","message":92222,"timestamp":"2025-03-02T16:36:07.494Z"}
{"level":"info","message":"Change test: 2025-03-02T16:36:07.496Z","timestamp":"2025-03-02T16:36:07.496Z"}
{"level":"info","message":"Server is running on1 port 3000","timestamp":"2025-03-02T16:36:07.499Z"}
{"level":"info","message":"Database connection has been established successfully12.","timestamp":"2025-03-02T16:36:07.541Z"}
{"level":"info","message":"Database synchronized","timestamp":"2025-03-02T16:36:07.627Z"}
{"level":"info","message":92222,"timestamp":"2025-03-02T16:36:18.732Z"}
{"level":"info","message":"Change test: 2025-03-02T16:36:18.734Z","timestamp":"2025-03-02T16:36:18.734Z"}
{"level":"info","message":"Server is running on1 port 3000","timestamp":"2025-03-02T16:36:18.737Z"}
{"level":"info","message":"Database connection has been established successfully12.","timestamp":"2025-03-02T16:36:18.784Z"}
{"level":"info","message":"Database synchronized","timestamp":"2025-03-02T16:36:18.871Z"}
{"level":"info","message":92222,"timestamp":"2025-03-02T16:37:26.363Z"}
{"level":"info","message":"Change test: 2025-03-02T16:37:26.365Z","timestamp":"2025-03-02T16:37:26.365Z"}
{"level":"info","message":"Server is running on1 port 3000","timestamp":"2025-03-02T16:37:26.367Z"}
{"level":"info","message":"Database connection has been established successfully12.","timestamp":"2025-03-02T16:37:26.414Z"}
{"level":"info","message":"Database synchronized","timestamp":"2025-03-02T16:37:26.498Z"}
{"level":"info","message":92222,"timestamp":"2025-03-02T16:37:52.125Z"}
{"level":"info","message":"Change test: 2025-03-02T16:37:52.127Z","timestamp":"2025-03-02T16:37:52.127Z"}
{"level":"info","message":"Server is running on1 port 3000","timestamp":"2025-03-02T16:37:52.130Z"}
{"level":"info","message":"Database connection has been established successfully12.","timestamp":"2025-03-02T16:37:52.175Z"}
{"level":"info","message":"Database synchronized","timestamp":"2025-03-02T16:37:52.263Z"}
{"level":"info","message":92222,"timestamp":"2025-03-02T16:40:14.300Z"}
{"level":"info","message":"Change test: 2025-03-02T16:40:14.303Z","timestamp":"2025-03-02T16:40:14.303Z"}
{"level":"info","message":"Server is running on1 port 3000","timestamp":"2025-03-02T16:40:14.306Z"}
{"level":"info","message":"Database connection has been established successfully12.","timestamp":"2025-03-02T16:40:14.352Z"}
{"level":"info","message":"Database synchronized","timestamp":"2025-03-02T16:40:14.435Z"}
{"level":"info","message":92222,"timestamp":"2025-03-02T16:49:29.785Z"}
{"level":"info","message":"Change test: 2025-03-02T16:49:29.797Z","timestamp":"2025-03-02T16:49:29.797Z"}
{"level":"info","message":"Server is running on1 port 3000","timestamp":"2025-03-02T16:49:29.801Z"}
{"level":"info","message":"Database connection has been established successfully12.","timestamp":"2025-03-02T16:49:29.846Z"}
{"level":"info","message":"Database synchronized","timestamp":"2025-03-02T16:49:29.965Z"}
{"level":"info","message":21,"timestamp":"2025-03-02T16:50:53.425Z"}
{"level":"info","message":"Користувача fad успішно зареєстровано","timestamp":"2025-03-02T16:50:53.476Z"}
{"level":"info","message":"romankaras2004@gmail.com","timestamp":"2025-03-02T16:50:53.484Z"}
{"level":"info","message":"Лист надіслано до romankaras2004@gmail.com","timestamp":"2025-03-02T16:50:56.998Z"}
{"level":"info","message":92222,"timestamp":"2025-03-02T16:55:41.129Z"}
{"level":"info","message":"Change test: 2025-03-02T16:55:41.131Z","timestamp":"2025-03-02T16:55:41.132Z"}
{"level":"info","message":"Server is running on1 port 3000","timestamp":"2025-03-02T16:55:41.134Z"}
{"level":"info","message":"Database connection has been established successfully12.","timestamp":"2025-03-02T16:55:41.178Z"}
{"level":"info","message":"Database synchronized","timestamp":"2025-03-02T16:55:41.266Z"}
{"level":"info","message":21,"timestamp":"2025-03-02T17:06:24.181Z"}
{"level":"info","message":"Користувача fad успішно зареєстровано","timestamp":"2025-03-02T17:06:24.203Z"}
{"level":"info","message":"romankaras2004@gmail.com","timestamp":"2025-03-02T17:06:24.210Z"}
{"level":"info","message":"Лист надіслано до romankaras2004@gmail.com","timestamp":"2025-03-02T17:06:26.961Z"}
{"level":"info","message":92222,"timestamp":"2025-03-02T17:08:45.153Z"}
{"level":"info","message":"Change test: 2025-03-02T17:08:45.155Z","timestamp":"2025-03-02T17:08:45.155Z"}
{"level":"info","message":"Server is running on1 port 3000","timestamp":"2025-03-02T17:08:45.158Z"}
{"level":"info","message":"Database connection has been established successfully12.","timestamp":"2025-03-02T17:08:45.200Z"}
{"level":"info","message":"Database synchronized","timestamp":"2025-03-02T17:08:48.657Z"}
{"level":"info","message":92222,"timestamp":"2025-03-02T17:11:01.669Z"}
{"level":"info","message":"Change test: 2025-03-02T17:11:01.673Z","timestamp":"2025-03-02T17:11:01.673Z"}
{"level":"info","message":"Server is running on1 port 3000","timestamp":"2025-03-02T17:11:01.676Z"}
{"level":"info","message":"Database connection has been established successfully12.","timestamp":"2025-03-02T17:11:01.811Z"}
{"level":"info","message":"Database synchronized","timestamp":"2025-03-02T17:11:01.949Z"}
{"level":"info","message":"Користувач з email romankaras2004@gmail.com успішно підтверджений","timestamp":"2025-03-02T17:11:09.872Z"}
{"level":"info","message":92222,"timestamp":"2025-03-02T17:29:19.169Z"}
{"level":"info","message":"Change test: 2025-03-02T17:29:19.172Z","timestamp":"2025-03-02T17:29:19.172Z"}
{"level":"info","message":"Server is running on1 port 3000","timestamp":"2025-03-02T17:29:19.174Z"}
{"level":"info","message":"Database connection has been established successfully12.","timestamp":"2025-03-02T17:29:19.219Z"}
{"level":"info","message":"Database synchronized","timestamp":"2025-03-02T17:29:19.311Z"}
{"level":"info","message":92222,"timestamp":"2025-03-02T17:29:28.872Z"}
{"level":"info","message":"Change test: 2025-03-02T17:29:28.874Z","timestamp":"2025-03-02T17:29:28.874Z"}
{"level":"info","message":"Server is running on1 port 3000","timestamp":"2025-03-02T17:29:28.877Z"}
{"level":"info","message":"Database connection has been established successfully12.","timestamp":"2025-03-02T17:29:28.922Z"}
{"level":"info","message":"Database synchronized","timestamp":"2025-03-02T17:29:29.012Z"}
{"level":"info","message":92222,"timestamp":"2025-03-02T17:29:37.137Z"}
{"level":"info","message":"Change test: 2025-03-02T17:29:37.140Z","timestamp":"2025-03-02T17:29:37.140Z"}
{"level":"info","message":"Server is running on1 port 3000","timestamp":"2025-03-02T17:29:37.143Z"}
{"level":"info","message":"Database connection has been established successfully12.","timestamp":"2025-03-02T17:29:37.208Z"}
{"level":"info","message":"Database synchronized","timestamp":"2025-03-02T17:29:37.320Z"}
{"level":"info","message":92222,"timestamp":"2025-03-02T17:29:47.017Z"}
{"level":"info","message":"Change test: 2025-03-02T17:29:47.019Z","timestamp":"2025-03-02T17:29:47.019Z"}
{"level":"info","message":"Server is running on1 port 3000","timestamp":"2025-03-02T17:29:47.022Z"}
{"level":"info","message":"Database connection has been established successfully12.","timestamp":"2025-03-02T17:29:47.068Z"}
{"level":"info","message":"Database synchronized","timestamp":"2025-03-02T17:29:47.159Z"}
{"level":"info","message":92222,"timestamp":"2025-03-02T17:30:01.136Z"}
{"level":"info","message":"Change test: 2025-03-02T17:30:01.138Z","timestamp":"2025-03-02T17:30:01.138Z"}
{"level":"info","message":"Server is running on1 port 3000","timestamp":"2025-03-02T17:30:01.141Z"}
{"level":"info","message":"Database connection has been established successfully12.","timestamp":"2025-03-02T17:30:01.183Z"}
{"level":"info","message":"Database synchronized","timestamp":"2025-03-02T17:30:01.274Z"}
{"level":"info","message":92222,"timestamp":"2025-03-02T17:42:39.045Z"}
{"level":"info","message":"Change test: 2025-03-02T17:42:39.047Z","timestamp":"2025-03-02T17:42:39.047Z"}
{"level":"info","message":"Server is running on1 port 3000","timestamp":"2025-03-02T17:42:39.050Z"}
{"level":"info","message":"Database connection has been established successfully12.","timestamp":"2025-03-02T17:42:39.096Z"}
{"level":"info","message":"Database synchronized","timestamp":"2025-03-02T17:42:39.193Z"}
{"level":"info","message":92222,"timestamp":"2025-03-02T17:43:05.204Z"}
{"level":"info","message":"Change test: 2025-03-02T17:43:05.207Z","timestamp":"2025-03-02T17:43:05.207Z"}
{"level":"info","message":"Server is running on1 port 3000","timestamp":"2025-03-02T17:43:05.209Z"}
{"level":"info","message":"Database connection has been established successfully12.","timestamp":"2025-03-02T17:43:05.254Z"}
{"level":"info","message":"Database synchronized","timestamp":"2025-03-02T17:43:05.873Z"}
{"level":"info","message":92222,"timestamp":"2025-03-02T17:43:26.565Z"}
{"level":"info","message":"Change test: 2025-03-02T17:43:26.567Z","timestamp":"2025-03-02T17:43:26.567Z"}
{"level":"info","message":"Server is running on1 port 3000","timestamp":"2025-03-02T17:43:26.570Z"}
{"level":"info","message":"Database connection has been established successfully12.","timestamp":"2025-03-02T17:43:26.616Z"}
{"level":"info","message":"Database synchronized","timestamp":"2025-03-02T17:43:26.709Z"}
{"level":"info","message":92222,"timestamp":"2025-03-02T17:55:02.603Z"}
{"level":"info","message":"Change test: 2025-03-02T17:55:02.605Z","timestamp":"2025-03-02T17:55:02.605Z"}
{"level":"info","message":"Server is running on1 port 3000","timestamp":"2025-03-02T17:55:02.608Z"}
{"level":"info","message":"Database connection has been established successfully12.","timestamp":"2025-03-02T17:55:02.653Z"}
{"level":"info","message":"Database synchronized","timestamp":"2025-03-02T17:55:02.756Z"}
{"level":"info","message":92222,"timestamp":"2025-03-02T18:00:01.416Z"}
{"level":"info","message":"Change test: 2025-03-02T18:00:01.419Z","timestamp":"2025-03-02T18:00:01.419Z"}
{"level":"info","message":"Server is running on1 port 3000","timestamp":"2025-03-02T18:00:01.424Z"}
{"level":"info","message":"Database connection has been established successfully12.","timestamp":"2025-03-02T18:00:01.470Z"}
{"level":"info","message":"Database synchronized","timestamp":"2025-03-02T18:00:01.490Z"}
{"level":"info","message":92222,"timestamp":"2025-03-02T18:00:45.330Z"}
{"level":"info","message":"Change test: 2025-03-02T18:00:45.332Z","timestamp":"2025-03-02T18:00:45.332Z"}
{"level":"info","message":"Server is running on1 port 3000","timestamp":"2025-03-02T18:00:45.335Z"}
{"level":"info","message":"Database connection has been established successfully12.","timestamp":"2025-03-02T18:00:45.386Z"}
{"level":"info","message":"Database synchronized","timestamp":"2025-03-02T18:00:45.404Z"}
{"level":"info","message":92222,"timestamp":"2025-03-02T18:04:11.840Z"}
{"level":"info","message":"Change test: 2025-03-02T18:04:11.843Z","timestamp":"2025-03-02T18:04:11.843Z"}
{"level":"info","message":"Server is running on1 port 3000","timestamp":"2025-03-02T18:04:11.845Z"}
{"level":"info","message":"Database connection has been established successfully12.","timestamp":"2025-03-02T18:04:11.888Z"}
{"level":"info","message":92222,"timestamp":"2025-03-02T18:04:26.985Z"}
{"level":"info","message":"Change test: 2025-03-02T18:04:26.987Z","timestamp":"2025-03-02T18:04:26.987Z"}
{"level":"info","message":"Server is running on1 port 3000","timestamp":"2025-03-02T18:04:26.990Z"}
{"level":"info","message":"Database connection has been established successfully12.","timestamp":"2025-03-02T18:04:27.033Z"}
{"level":"info","message":92222,"timestamp":"2025-03-02T18:12:26.325Z"}
{"level":"info","message":"Change test: 2025-03-02T18:12:26.327Z","timestamp":"2025-03-02T18:12:26.327Z"}
{"level":"info","message":"Server is running on1 port 3000","timestamp":"2025-03-02T18:12:26.330Z"}
{"level":"info","message":"Database connection has been established successfully12.","timestamp":"2025-03-02T18:12:26.374Z"}
{"level":"info","message":92222,"timestamp":"2025-03-02T18:12:57.540Z"}
{"level":"info","message":"Change test: 2025-03-02T18:12:57.542Z","timestamp":"2025-03-02T18:12:57.542Z"}
{"level":"info","message":"Server is running on1 port 3000","timestamp":"2025-03-02T18:12:57.544Z"}
{"level":"info","message":"Database connection has been established successfully12.","timestamp":"2025-03-02T18:12:57.591Z"}
{"level":"info","message":92222,"timestamp":"2025-03-02T18:15:12.031Z"}
{"level":"info","message":"Change test: 2025-03-02T18:15:12.033Z","timestamp":"2025-03-02T18:15:12.033Z"}
{"level":"info","message":"Server is running on1 port 3000","timestamp":"2025-03-02T18:15:12.036Z"}
{"level":"info","message":"Database connection has been established successfully12.","timestamp":"2025-03-02T18:15:12.079Z"}
{"level":"info","message":92222,"timestamp":"2025-03-02T18:16:05.582Z"}
{"level":"info","message":"Change test: 2025-03-02T18:16:05.585Z","timestamp":"2025-03-02T18:16:05.585Z"}
{"level":"info","message":"Server is running on1 port 3000","timestamp":"2025-03-02T18:16:05.588Z"}
{"level":"info","message":"Database connection has been established successfully12.","timestamp":"2025-03-02T18:16:05.639Z"}
{"level":"info","message":92222,"timestamp":"2025-03-02T18:23:21.959Z"}
{"level":"info","message":"Change test: 2025-03-02T18:23:21.962Z","timestamp":"2025-03-02T18:23:21.962Z"}
{"level":"info","message":"Server is running on1 port 3000","timestamp":"2025-03-02T18:23:21.964Z"}
{"level":"info","message":"Database connection has been established successfully12.","timestamp":"2025-03-02T18:23:22.009Z"}
{"level":"info","message":92222,"timestamp":"2025-03-02T18:34:04.204Z"}
{"level":"info","message":"Change test: 2025-03-02T18:34:04.207Z","timestamp":"2025-03-02T18:34:04.207Z"}
{"level":"info","message":"Server is running on1 port 3000","timestamp":"2025-03-02T18:34:04.209Z"}
{"level":"info","message":"Database connection has been established successfully12.","timestamp":"2025-03-02T18:34:04.273Z"}
{"level":"info","message":92222,"timestamp":"2025-03-02T19:11:21.479Z"}
{"level":"info","message":"Change test: 2025-03-02T19:11:21.482Z","timestamp":"2025-03-02T19:11:21.482Z"}
{"level":"info","message":"Server is running on1 port 3000","timestamp":"2025-03-02T19:11:21.484Z"}
{"level":"info","message":"Database connection has been established successfully12.","timestamp":"2025-03-02T19:11:21.574Z"}
{"level":"info","message":92222,"timestamp":"2025-03-02T19:19:58.191Z"}
{"level":"info","message":"Change test: 2025-03-02T19:19:58.193Z","timestamp":"2025-03-02T19:19:58.193Z"}
{"level":"info","message":"Server is running on1 port 3000","timestamp":"2025-03-02T19:19:58.196Z"}
{"level":"info","message":"Database connection has been established successfully12.","timestamp":"2025-03-02T19:19:58.241Z"}
{"level":"info","message":92222,"timestamp":"2025-03-02T19:20:11.454Z"}
{"level":"info","message":"Change test: 2025-03-02T19:20:11.457Z","timestamp":"2025-03-02T19:20:11.457Z"}
{"level":"info","message":"Server is running on1 port 3000","timestamp":"2025-03-02T19:20:11.460Z"}
{"level":"info","message":"Database connection has been established successfully12.","timestamp":"2025-03-02T19:20:11.511Z"}
{"level":"info","message":92222,"timestamp":"2025-03-02T19:42:56.196Z"}
{"level":"info","message":"Change test: 2025-03-02T19:42:56.199Z","timestamp":"2025-03-02T19:42:56.199Z"}
{"level":"info","message":"Server is running on1 port 3000","timestamp":"2025-03-02T19:42:56.202Z"}
{"level":"info","message":"Database connection has been established successfully12.","timestamp":"2025-03-02T19:42:56.294Z"}
